2024-03-28 11:35:26,634 [Worker-4: Loading available Gradle versions] INFO  o.e.b.c.i.u.g.PublishedGradleVersions - Gradle version information cache is up-to-date. Trying to read.
2024-03-28 11:36:05,094 [Worker-1: Importing Maven projects] INFO  o.e.m.c.i.l.LifecycleMappingFactory - Using org.eclipse.m2e.jdt.JarLifecycleMapping lifecycle mapping for MavenProject: com.8bit:Vehicle-Service-Management-System:0.0.1-SNAPSHOT @ C:\Users\amish\Downloads\Vehicle-Service-Management-System (1)\Vehicle-Service-Management-System\Vehicle-Service-Management-System\pom.xml.
2024-03-28 11:36:15,332 [Worker-1: Importing Maven projects] INFO  o.e.m.j.i.AbstractJavaProjectConfigurator - Adding source folder /Vehicle-Service-Management-System/src/main/java
2024-03-28 11:36:15,333 [Worker-1: Importing Maven projects] INFO  o.e.m.j.i.AbstractJavaProjectConfigurator - Adding resource folder /Vehicle-Service-Management-System/src/main/resources
2024-03-28 11:36:15,348 [Worker-1: Importing Maven projects] INFO  o.e.m.j.i.AbstractJavaProjectConfigurator - Adding resource folder /Vehicle-Service-Management-System/src/main/resources
2024-03-28 11:36:15,363 [Worker-1: Importing Maven projects] INFO  o.e.m.j.i.AbstractJavaProjectConfigurator - Adding source folder /Vehicle-Service-Management-System/src/test/java
2024-03-28 11:36:15,364 [Worker-1: Importing Maven projects] INFO  o.e.m.j.i.AbstractJavaProjectConfigurator - Adding resource folder /Vehicle-Service-Management-System/src/test/resources
2024-03-28 11:36:18,989 [Worker-1: Importing Maven projects] INFO  o.e.m.c.i.p.ProjectConfigurationManager - Imported and configured 1 project(s) in 21 sec
2024-03-28 11:36:21,499 [Worker-3: Building] INFO  o.a.m.s.f.DefaultMavenResourcesFiltering - Copying 1 resource from src\main\resources to target\classes
2024-03-28 11:36:21,547 [Worker-3: Building] INFO  o.a.m.s.f.DefaultMavenResourcesFiltering - Copying 0 resource from src\main\resources to target\classes
2024-03-28 11:36:21,555 [Worker-3: Building] INFO  o.a.m.s.f.DefaultMavenResourcesFiltering - skip non existing resourceDirectory C:\Users\amish\Downloads\Vehicle-Service-Management-System (1)\Vehicle-Service-Management-System\Vehicle-Service-Management-System\src\test\resources
2024-03-28 11:37:39,414 [Worker-0: Building] INFO  o.a.m.s.f.DefaultMavenResourcesFiltering - Copying 1 resource from src\main\resources to target\classes
2024-03-28 11:37:39,425 [Worker-0: Building] INFO  o.a.m.s.f.DefaultMavenResourcesFiltering - Copying 0 resource from src\main\resources to target\classes
2024-03-28 11:37:39,433 [Worker-0: Building] INFO  o.a.m.s.f.DefaultMavenResourcesFiltering - skip non existing resourceDirectory C:\Users\amish\Downloads\Vehicle-Service-Management-System (1)\Vehicle-Service-Management-System\Vehicle-Service-Management-System\src\test\resources
2024-03-28 11:38:07,330 [Worker-5: Building] INFO  o.a.m.s.f.DefaultMavenResourcesFiltering - Copying 1 resource from src\main\resources to target\classes
2024-03-28 11:38:07,346 [Worker-5: Building] INFO  o.a.m.s.f.DefaultMavenResourcesFiltering - Copying 0 resource from src\main\resources to target\classes
2024-03-28 11:38:07,349 [Worker-5: Building] INFO  o.a.m.s.f.DefaultMavenResourcesFiltering - skip non existing resourceDirectory C:\Users\amish\Downloads\Vehicle-Service-Management-System (1)\Vehicle-Service-Management-System\Vehicle-Service-Management-System\src\test\resources
2024-03-28 11:38:51,528 [Worker-2: Building] INFO  o.a.m.s.f.DefaultMavenResourcesFiltering - Copying 1 resource from src\main\resources to target\classes
2024-03-28 11:38:51,537 [Worker-2: Building] INFO  o.a.m.s.f.DefaultMavenResourcesFiltering - Copying 0 resource from src\main\resources to target\classes
2024-03-28 11:38:51,542 [Worker-2: Building] INFO  o.a.m.s.f.DefaultMavenResourcesFiltering - skip non existing resourceDirectory C:\Users\amish\Downloads\Vehicle-Service-Management-System (1)\Vehicle-Service-Management-System\Vehicle-Service-Management-System\src\test\resources
2024-03-28 11:44:27,237 [Worker-10: Building] INFO  o.a.m.s.f.DefaultMavenResourcesFiltering - Copying 1 resource from src\main\resources to target\classes
2024-03-28 11:44:27,251 [Worker-10: Building] INFO  o.a.m.s.f.DefaultMavenResourcesFiltering - Copying 0 resource from src\main\resources to target\classes
2024-03-28 11:44:27,257 [Worker-10: Building] INFO  o.a.m.s.f.DefaultMavenResourcesFiltering - skip non existing resourceDirectory C:\Users\amish\Downloads\Vehicle-Service-Management-System (1)\Vehicle-Service-Management-System\Vehicle-Service-Management-System\src\test\resources
2024-03-28 11:49:08,972 [Worker-7: Building] INFO  o.a.m.s.f.DefaultMavenResourcesFiltering - Copying 1 resource from src\main\resources to target\classes
2024-03-28 11:49:08,984 [Worker-7: Building] INFO  o.a.m.s.f.DefaultMavenResourcesFiltering - Copying 0 resource from src\main\resources to target\classes
2024-03-28 11:49:08,992 [Worker-7: Building] INFO  o.a.m.s.f.DefaultMavenResourcesFiltering - skip non existing resourceDirectory C:\Users\amish\Downloads\Vehicle-Service-Management-System (1)\Vehicle-Service-Management-System\Vehicle-Service-Management-System\src\test\resources
2024-03-28 11:49:45,236 [Worker-14: Building] INFO  o.a.m.s.f.DefaultMavenResourcesFiltering - Copying 1 resource from src\main\resources to target\classes
2024-03-28 11:49:45,245 [Worker-14: Building] INFO  o.a.m.s.f.DefaultMavenResourcesFiltering - Copying 0 resource from src\main\resources to target\classes
2024-03-28 11:49:45,251 [Worker-14: Building] INFO  o.a.m.s.f.DefaultMavenResourcesFiltering - skip non existing resourceDirectory C:\Users\amish\Downloads\Vehicle-Service-Management-System (1)\Vehicle-Service-Management-System\Vehicle-Service-Management-System\src\test\resources
2024-03-28 11:49:53,256 [Worker-14: Building] INFO  o.a.m.s.f.DefaultMavenResourcesFiltering - Copying 1 resource from src\main\resources to target\classes
2024-03-28 11:49:53,267 [Worker-14: Building] INFO  o.a.m.s.f.DefaultMavenResourcesFiltering - Copying 0 resource from src\main\resources to target\classes
2024-03-28 11:49:53,276 [Worker-14: Building] INFO  o.a.m.s.f.DefaultMavenResourcesFiltering - skip non existing resourceDirectory C:\Users\amish\Downloads\Vehicle-Service-Management-System (1)\Vehicle-Service-Management-System\Vehicle-Service-Management-System\src\test\resources
2024-03-28 11:50:19,384 [Worker-7: Building] INFO  o.a.m.s.f.DefaultMavenResourcesFiltering - Copying 1 resource from src\main\resources to target\classes
2024-03-28 11:50:19,398 [Worker-7: Building] INFO  o.a.m.s.f.DefaultMavenResourcesFiltering - Copying 0 resource from src\main\resources to target\classes
2024-03-28 11:50:19,404 [Worker-7: Building] INFO  o.a.m.s.f.DefaultMavenResourcesFiltering - skip non existing resourceDirectory C:\Users\amish\Downloads\Vehicle-Service-Management-System (1)\Vehicle-Service-Management-System\Vehicle-Service-Management-System\src\test\resources
2024-03-28 16:13:57,178 [Worker-30: Building] INFO  o.a.m.s.f.DefaultMavenResourcesFiltering - Copying 1 resource from src\main\resources to target\classes
2024-03-28 16:13:58,217 [Worker-30: Building] INFO  o.a.m.s.f.DefaultMavenResourcesFiltering - Copying 0 resource from src\main\resources to target\classes
2024-03-28 16:13:58,236 [Worker-30: Building] INFO  o.a.m.s.f.DefaultMavenResourcesFiltering - skip non existing resourceDirectory C:\Users\amish\Downloads\Vehicle-Service-Management-System (1)\Vehicle-Service-Management-System\Vehicle-Service-Management-System\src\test\resources
2024-03-28 16:14:42,595 [Worker-22: Building] INFO  o.a.m.s.f.DefaultMavenResourcesFiltering - Copying 1 resource from src\main\resources to target\classes
2024-03-28 16:14:42,601 [Worker-22: Building] INFO  o.a.m.s.f.DefaultMavenResourcesFiltering - Copying 0 resource from src\main\resources to target\classes
2024-03-28 16:14:42,604 [Worker-22: Building] INFO  o.a.m.s.f.DefaultMavenResourcesFiltering - skip non existing resourceDirectory C:\Users\amish\Downloads\Vehicle-Service-Management-System (1)\Vehicle-Service-Management-System\Vehicle-Service-Management-System\src\test\resources
2024-03-31 22:04:32,719 [Worker-1: Loading available Gradle versions] INFO  o.e.b.c.i.u.g.PublishedGradleVersions - Gradle version information cache is out-of-date. Trying to update.
